\BOOKMARK [1][-]{Doc-Start}{Acknowledgments}{}% 1
\BOOKMARK [1][-]{Doc-Start}{Resumo}{}% 2
\BOOKMARK [1][-]{Doc-Start}{Abstract}{}% 3
\BOOKMARK [1][-]{section*.2}{List of Tables}{}% 4
\BOOKMARK [1][-]{section*.4}{List of Figures}{}% 5
\BOOKMARK [1][-]{section*.6}{Glossary}{}% 6
\BOOKMARK [0][-]{chapter.1}{1 Introduction}{}% 7
\BOOKMARK [1][-]{section.1.1}{1.1 Motivation}{chapter.1}% 8
\BOOKMARK [1][-]{section.1.2}{1.2 Objectives}{chapter.1}% 9
\BOOKMARK [1][-]{section.1.3}{1.3 Thesis Outline}{chapter.1}% 10
\BOOKMARK [0][-]{chapter.2}{2 Background}{}% 11
\BOOKMARK [1][-]{section.2.1}{2.1 Remote Monitoring}{chapter.2}% 12
\BOOKMARK [1][-]{section.2.2}{2.2 Privacy}{chapter.2}% 13
\BOOKMARK [1][-]{section.2.3}{2.3 ECG}{chapter.2}% 14
\BOOKMARK [1][-]{section.2.4}{2.4 PPG}{chapter.2}% 15
\BOOKMARK [1][-]{section.2.5}{2.5 Physical activity}{chapter.2}% 16
\BOOKMARK [1][-]{section.2.6}{2.6 Data compression}{chapter.2}% 17
\BOOKMARK [0][-]{chapter.3}{3 System Description}{}% 18
\BOOKMARK [1][-]{section.3.1}{3.1 Overview}{chapter.3}% 19
\BOOKMARK [1][-]{section.3.2}{3.2 Devices}{chapter.3}% 20
\BOOKMARK [2][-]{subsection.3.2.1}{3.2.1 Smartphone}{section.3.2}% 21
\BOOKMARK [2][-]{subsection.3.2.2}{3.2.2 Server and Web Interface}{section.3.2}% 22
\BOOKMARK [1][-]{section.3.3}{3.3 Communication Protrocol}{chapter.3}% 23
\BOOKMARK [1][-]{section.3.4}{3.4 Privacy}{chapter.3}% 24
\BOOKMARK [0][-]{chapter.4}{4 Data Processing}{}% 25
\BOOKMARK [1][-]{section.4.1}{4.1 Off-line Estimation of Heart Rate from ECG Data}{chapter.4}% 26
\BOOKMARK [1][-]{section.4.2}{4.2 Real Time Estimation of Heart Rate from ECG Data}{chapter.4}% 27
\BOOKMARK [1][-]{section.4.3}{4.3 Data Compression}{chapter.4}% 28
\BOOKMARK [1][-]{section.4.4}{4.4 Heart Rate Estimation from Photoplethysmography Data}{chapter.4}% 29
\BOOKMARK [1][-]{section.4.5}{4.5 Physical Activity METS estimation}{chapter.4}% 30
\BOOKMARK [0][-]{chapter.5}{5 System Evaluation}{}% 31
\BOOKMARK [1][-]{section.5.1}{5.1 Wearable Sensors}{chapter.5}% 32
\BOOKMARK [2][-]{subsection.5.1.1}{5.1.1 Smartwatch}{section.5.1}% 33
\BOOKMARK [2][-]{subsection.5.1.2}{5.1.2 BITalino}{section.5.1}% 34
\BOOKMARK [1][-]{section.5.2}{5.2 Comfort and Usability}{chapter.5}% 35
\BOOKMARK [1][-]{section.5.3}{5.3 Communications}{chapter.5}% 36
\BOOKMARK [1][-]{section.5.4}{5.4 Heart Rate Estimation from PPG data}{chapter.5}% 37
\BOOKMARK [2][-]{subsection.5.4.1}{5.4.1 Methodology}{section.5.4}% 38
\BOOKMARK [2][-]{subsection.5.4.2}{5.4.2 Experimental Setup and Results}{section.5.4}% 39
\BOOKMARK [2][-]{subsection.5.4.3}{5.4.3 Discussion}{section.5.4}% 40
\BOOKMARK [1][-]{section.5.5}{5.5 Heart Rate Estimation from ECG data}{chapter.5}% 41
\BOOKMARK [2][-]{subsection.5.5.1}{5.5.1 Methodology and Experimental Setup}{section.5.5}% 42
\BOOKMARK [2][-]{subsection.5.5.2}{5.5.2 Results}{section.5.5}% 43
\BOOKMARK [2][-]{subsection.5.5.3}{5.5.3 Discussion}{section.5.5}% 44
\BOOKMARK [0][-]{chapter.6}{6 Conclusions}{}% 45
\BOOKMARK [1][-]{section.6.1}{6.1 Achievements}{chapter.6}% 46
\BOOKMARK [1][-]{section.6.2}{6.2 Future Work}{chapter.6}% 47
\BOOKMARK [0][-]{section*.42}{Bibliography}{}% 48
\BOOKMARK [0][-]{appendix.A}{A User Guides}{}% 49
\BOOKMARK [1][-]{section.A.1}{A.1 Complete User Guide}{appendix.A}% 50
\BOOKMARK [1][-]{section.A.2}{A.2 Quick User Guide}{appendix.A}% 51
\BOOKMARK [0][-]{appendix.B}{B Communication Protocol}{}% 52
\BOOKMARK [0][-]{appendix.C}{C Submitted paper on the Smartwatch HR estimation}{}% 53
